Created by PLY version 3.11 (http://www.dabeaz.com/ply)

Grammar

Rule 0     S' -> statement
Rule 1     statement -> expression
Rule 2     expression -> ID
Rule 3     expression -> MINUS expression
Rule 4     expression -> expression PLUS expression
Rule 5     expression -> expression MINUS expression
Rule 6     expression -> expression TIMES expression
Rule 7     expression -> expression DIVIDE expression
Rule 8     expression -> expression POWER NUMBER
Rule 9     expression -> LPAREN expression RPAREN
Rule 10    expression -> NUMBER
Rule 11    expression -> CONST
Rule 12    expression -> ID LPAREN arguments RPAREN
Rule 13    expression -> TIMES TIMES ID LPAREN arguments RPAREN
Rule 14    arguments -> argument
Rule 15    arguments -> arguments COMMA argument
Rule 16    argument -> expression

Terminals, with rules where they appear

COMMA                : 15
CONST                : 11
DIVIDE               : 7
ID                   : 2 12 13
LPAREN               : 9 12 13
MINUS                : 3 5
NUMBER               : 8 10
PLUS                 : 4
POWER                : 8
RPAREN               : 9 12 13
TIMES                : 6 13 13
error                : 

Nonterminals, with rules where they appear

argument             : 14 15
arguments            : 12 13 15
expression           : 1 3 4 4 5 5 6 6 7 7 8 9 16
statement            : 0

Parsing method: LALR

state 0

    (0) S' -> . statement
    (1) statement -> . expression
    (2) expression -> . ID
    (3) expression -> . MINUS expression
    (4) expression -> . expression PLUS expression
    (5) expression -> . expression MINUS expression
    (6) expression -> . expression TIMES expression
    (7) expression -> . expression DIVIDE expression
    (8) expression -> . expression POWER NUMBER
    (9) expression -> . LPAREN expression RPAREN
    (10) expression -> . NUMBER
    (11) expression -> . CONST
    (12) expression -> . ID LPAREN arguments RPAREN
    (13) expression -> . TIMES TIMES ID LPAREN arguments RPAREN

    ID              shift and go to state 3
    MINUS           shift and go to state 4
    LPAREN          shift and go to state 7
    NUMBER          shift and go to state 6
    CONST           shift and go to state 8
    TIMES           shift and go to state 5

    statement                      shift and go to state 1
    expression                     shift and go to state 2

state 1

    (0) S' -> statement .



state 2

    (1) statement -> expression .
    (4) expression -> expression . PLUS expression
    (5) expression -> expression . MINUS expression
    (6) expression -> expression . TIMES expression
    (7) expression -> expression . DIVIDE expression
    (8) expression -> expression . POWER NUMBER

    $end            reduce using rule 1 (statement -> expression .)
    PLUS            shift and go to state 9
    MINUS           shift and go to state 10
    TIMES           shift and go to state 11
    DIVIDE          shift and go to state 12
    POWER           shift and go to state 13


state 3

    (2) expression -> ID .
    (12) expression -> ID . LPAREN arguments RPAREN

    PLUS            reduce using rule 2 (expression -> ID .)
    MINUS           reduce using rule 2 (expression -> ID .)
    TIMES           reduce using rule 2 (expression -> ID .)
    DIVIDE          reduce using rule 2 (expression -> ID .)
    POWER           reduce using rule 2 (expression -> ID .)
    $end            reduce using rule 2 (expression -> ID .)
    RPAREN          reduce using rule 2 (expression -> ID .)
    COMMA           reduce using rule 2 (expression -> ID .)
    LPAREN          shift and go to state 14


state 4

    (3) expression -> MINUS . expression
    (2) expression -> . ID
    (3) expression -> . MINUS expression
    (4) expression -> . expression PLUS expression
    (5) expression -> . expression MINUS expression
    (6) expression -> . expression TIMES expression
    (7) expression -> . expression DIVIDE expression
    (8) expression -> . expression POWER NUMBER
    (9) expression -> . LPAREN expression RPAREN
    (10) expression -> . NUMBER
    (11) expression -> . CONST
    (12) expression -> . ID LPAREN arguments RPAREN
    (13) expression -> . TIMES TIMES ID LPAREN arguments RPAREN

    ID              shift and go to state 3
    MINUS           shift and go to state 4
    LPAREN          shift and go to state 7
    NUMBER          shift and go to state 6
    CONST           shift and go to state 8
    TIMES           shift and go to state 5

    expression                     shift and go to state 15

state 5

    (13) expression -> TIMES . TIMES ID LPAREN arguments RPAREN

    TIMES           shift and go to state 16


state 6

    (10) expression -> NUMBER .

    PLUS            reduce using rule 10 (expression -> NUMBER .)
    MINUS           reduce using rule 10 (expression -> NUMBER .)
    TIMES           reduce using rule 10 (expression -> NUMBER .)
    DIVIDE          reduce using rule 10 (expression -> NUMBER .)
    POWER           reduce using rule 10 (expression -> NUMBER .)
    $end            reduce using rule 10 (expression -> NUMBER .)
    RPAREN          reduce using rule 10 (expression -> NUMBER .)
    COMMA           reduce using rule 10 (expression -> NUMBER .)


state 7

    (9) expression -> LPAREN . expression RPAREN
    (2) expression -> . ID
    (3) expression -> . MINUS expression
    (4) expression -> . expression PLUS expression
    (5) expression -> . expression MINUS expression
    (6) expression -> . expression TIMES expression
    (7) expression -> . expression DIVIDE expression
    (8) expression -> . expression POWER NUMBER
    (9) expression -> . LPAREN expression RPAREN
    (10) expression -> . NUMBER
    (11) expression -> . CONST
    (12) expression -> . ID LPAREN arguments RPAREN
    (13) expression -> . TIMES TIMES ID LPAREN arguments RPAREN

    ID              shift and go to state 3
    MINUS           shift and go to state 4
    LPAREN          shift and go to state 7
    NUMBER          shift and go to state 6
    CONST           shift and go to state 8
    TIMES           shift and go to state 5

    expression                     shift and go to state 17

state 8

    (11) expression -> CONST .

    PLUS            reduce using rule 11 (expression -> CONST .)
    MINUS           reduce using rule 11 (expression -> CONST .)
    TIMES           reduce using rule 11 (expression -> CONST .)
    DIVIDE          reduce using rule 11 (expression -> CONST .)
    POWER           reduce using rule 11 (expression -> CONST .)
    $end            reduce using rule 11 (expression -> CONST .)
    RPAREN          reduce using rule 11 (expression -> CONST .)
    COMMA           reduce using rule 11 (expression -> CONST .)


state 9

    (4) expression -> expression PLUS . expression
    (2) expression -> . ID
    (3) expression -> . MINUS expression
    (4) expression -> . expression PLUS expression
    (5) expression -> . expression MINUS expression
    (6) expression -> . expression TIMES expression
    (7) expression -> . expression DIVIDE expression
    (8) expression -> . expression POWER NUMBER
    (9) expression -> . LPAREN expression RPAREN
    (10) expression -> . NUMBER
    (11) expression -> . CONST
    (12) expression -> . ID LPAREN arguments RPAREN
    (13) expression -> . TIMES TIMES ID LPAREN arguments RPAREN

    ID              shift and go to state 3
    MINUS           shift and go to state 4
    LPAREN          shift and go to state 7
    NUMBER          shift and go to state 6
    CONST           shift and go to state 8
    TIMES           shift and go to state 5

    expression                     shift and go to state 18

state 10

    (5) expression -> expression MINUS . expression
    (2) expression -> . ID
    (3) expression -> . MINUS expression
    (4) expression -> . expression PLUS expression
    (5) expression -> . expression MINUS expression
    (6) expression -> . expression TIMES expression
    (7) expression -> . expression DIVIDE expression
    (8) expression -> . expression POWER NUMBER
    (9) expression -> . LPAREN expression RPAREN
    (10) expression -> . NUMBER
    (11) expression -> . CONST
    (12) expression -> . ID LPAREN arguments RPAREN
    (13) expression -> . TIMES TIMES ID LPAREN arguments RPAREN

    ID              shift and go to state 3
    MINUS           shift and go to state 4
    LPAREN          shift and go to state 7
    NUMBER          shift and go to state 6
    CONST           shift and go to state 8
    TIMES           shift and go to state 5

    expression                     shift and go to state 19

state 11

    (6) expression -> expression TIMES . expression
    (2) expression -> . ID
    (3) expression -> . MINUS expression
    (4) expression -> . expression PLUS expression
    (5) expression -> . expression MINUS expression
    (6) expression -> . expression TIMES expression
    (7) expression -> . expression DIVIDE expression
    (8) expression -> . expression POWER NUMBER
    (9) expression -> . LPAREN expression RPAREN
    (10) expression -> . NUMBER
    (11) expression -> . CONST
    (12) expression -> . ID LPAREN arguments RPAREN
    (13) expression -> . TIMES TIMES ID LPAREN arguments RPAREN

    ID              shift and go to state 3
    MINUS           shift and go to state 4
    LPAREN          shift and go to state 7
    NUMBER          shift and go to state 6
    CONST           shift and go to state 8
    TIMES           shift and go to state 5

    expression                     shift and go to state 20

state 12

    (7) expression -> expression DIVIDE . expression
    (2) expression -> . ID
    (3) expression -> . MINUS expression
    (4) expression -> . expression PLUS expression
    (5) expression -> . expression MINUS expression
    (6) expression -> . expression TIMES expression
    (7) expression -> . expression DIVIDE expression
    (8) expression -> . expression POWER NUMBER
    (9) expression -> . LPAREN expression RPAREN
    (10) expression -> . NUMBER
    (11) expression -> . CONST
    (12) expression -> . ID LPAREN arguments RPAREN
    (13) expression -> . TIMES TIMES ID LPAREN arguments RPAREN

    ID              shift and go to state 3
    MINUS           shift and go to state 4
    LPAREN          shift and go to state 7
    NUMBER          shift and go to state 6
    CONST           shift and go to state 8
    TIMES           shift and go to state 5

    expression                     shift and go to state 21

state 13

    (8) expression -> expression POWER . NUMBER

    NUMBER          shift and go to state 22


state 14

    (12) expression -> ID LPAREN . arguments RPAREN
    (14) arguments -> . argument
    (15) arguments -> . arguments COMMA argument
    (16) argument -> . expression
    (2) expression -> . ID
    (3) expression -> . MINUS expression
    (4) expression -> . expression PLUS expression
    (5) expression -> . expression MINUS expression
    (6) expression -> . expression TIMES expression
    (7) expression -> . expression DIVIDE expression
    (8) expression -> . expression POWER NUMBER
    (9) expression -> . LPAREN expression RPAREN
    (10) expression -> . NUMBER
    (11) expression -> . CONST
    (12) expression -> . ID LPAREN arguments RPAREN
    (13) expression -> . TIMES TIMES ID LPAREN arguments RPAREN

    ID              shift and go to state 3
    MINUS           shift and go to state 4
    LPAREN          shift and go to state 7
    NUMBER          shift and go to state 6
    CONST           shift and go to state 8
    TIMES           shift and go to state 5

    arguments                      shift and go to state 23
    argument                       shift and go to state 24
    expression                     shift and go to state 25

state 15

    (3) expression -> MINUS expression .
    (4) expression -> expression . PLUS expression
    (5) expression -> expression . MINUS expression
    (6) expression -> expression . TIMES expression
    (7) expression -> expression . DIVIDE expression
    (8) expression -> expression . POWER NUMBER

    PLUS            reduce using rule 3 (expression -> MINUS expression .)
    MINUS           reduce using rule 3 (expression -> MINUS expression .)
    TIMES           reduce using rule 3 (expression -> MINUS expression .)
    DIVIDE          reduce using rule 3 (expression -> MINUS expression .)
    POWER           reduce using rule 3 (expression -> MINUS expression .)
    $end            reduce using rule 3 (expression -> MINUS expression .)
    RPAREN          reduce using rule 3 (expression -> MINUS expression .)
    COMMA           reduce using rule 3 (expression -> MINUS expression .)

  ! PLUS            [ shift and go to state 9 ]
  ! MINUS           [ shift and go to state 10 ]
  ! TIMES           [ shift and go to state 11 ]
  ! DIVIDE          [ shift and go to state 12 ]
  ! POWER           [ shift and go to state 13 ]


state 16

    (13) expression -> TIMES TIMES . ID LPAREN arguments RPAREN

    ID              shift and go to state 26


state 17

    (9) expression -> LPAREN expression . RPAREN
    (4) expression -> expression . PLUS expression
    (5) expression -> expression . MINUS expression
    (6) expression -> expression . TIMES expression
    (7) expression -> expression . DIVIDE expression
    (8) expression -> expression . POWER NUMBER

    RPAREN          shift and go to state 27
    PLUS            shift and go to state 9
    MINUS           shift and go to state 10
    TIMES           shift and go to state 11
    DIVIDE          shift and go to state 12
    POWER           shift and go to state 13


state 18

    (4) expression -> expression PLUS expression .
    (4) expression -> expression . PLUS expression
    (5) expression -> expression . MINUS expression
    (6) expression -> expression . TIMES expression
    (7) expression -> expression . DIVIDE expression
    (8) expression -> expression . POWER NUMBER

    PLUS            reduce using rule 4 (expression -> expression PLUS expression .)
    MINUS           reduce using rule 4 (expression -> expression PLUS expression .)
    $end            reduce using rule 4 (expression -> expression PLUS expression .)
    RPAREN          reduce using rule 4 (expression -> expression PLUS expression .)
    COMMA           reduce using rule 4 (expression -> expression PLUS expression .)
    TIMES           shift and go to state 11
    DIVIDE          shift and go to state 12
    POWER           shift and go to state 13

  ! TIMES           [ reduce using rule 4 (expression -> expression PLUS expression .) ]
  ! DIVIDE          [ reduce using rule 4 (expression -> expression PLUS expression .) ]
  ! POWER           [ reduce using rule 4 (expression -> expression PLUS expression .) ]
  ! PLUS            [ shift and go to state 9 ]
  ! MINUS           [ shift and go to state 10 ]


state 19

    (5) expression -> expression MINUS expression .
    (4) expression -> expression . PLUS expression
    (5) expression -> expression . MINUS expression
    (6) expression -> expression . TIMES expression
    (7) expression -> expression . DIVIDE expression
    (8) expression -> expression . POWER NUMBER

    PLUS            reduce using rule 5 (expression -> expression MINUS expression .)
    MINUS           reduce using rule 5 (expression -> expression MINUS expression .)
    $end            reduce using rule 5 (expression -> expression MINUS expression .)
    RPAREN          reduce using rule 5 (expression -> expression MINUS expression .)
    COMMA           reduce using rule 5 (expression -> expression MINUS expression .)
    TIMES           shift and go to state 11
    DIVIDE          shift and go to state 12
    POWER           shift and go to state 13

  ! TIMES           [ reduce using rule 5 (expression -> expression MINUS expression .) ]
  ! DIVIDE          [ reduce using rule 5 (expression -> expression MINUS expression .) ]
  ! POWER           [ reduce using rule 5 (expression -> expression MINUS expression .) ]
  ! PLUS            [ shift and go to state 9 ]
  ! MINUS           [ shift and go to state 10 ]


state 20

    (6) expression -> expression TIMES expression .
    (4) expression -> expression . PLUS expression
    (5) expression -> expression . MINUS expression
    (6) expression -> expression . TIMES expression
    (7) expression -> expression . DIVIDE expression
    (8) expression -> expression . POWER NUMBER

    PLUS            reduce using rule 6 (expression -> expression TIMES expression .)
    MINUS           reduce using rule 6 (expression -> expression TIMES expression .)
    TIMES           reduce using rule 6 (expression -> expression TIMES expression .)
    DIVIDE          reduce using rule 6 (expression -> expression TIMES expression .)
    $end            reduce using rule 6 (expression -> expression TIMES expression .)
    RPAREN          reduce using rule 6 (expression -> expression TIMES expression .)
    COMMA           reduce using rule 6 (expression -> expression TIMES expression .)
    POWER           shift and go to state 13

  ! POWER           [ reduce using rule 6 (expression -> expression TIMES expression .) ]
  ! PLUS            [ shift and go to state 9 ]
  ! MINUS           [ shift and go to state 10 ]
  ! TIMES           [ shift and go to state 11 ]
  ! DIVIDE          [ shift and go to state 12 ]


state 21

    (7) expression -> expression DIVIDE expression .
    (4) expression -> expression . PLUS expression
    (5) expression -> expression . MINUS expression
    (6) expression -> expression . TIMES expression
    (7) expression -> expression . DIVIDE expression
    (8) expression -> expression . POWER NUMBER

    PLUS            reduce using rule 7 (expression -> expression DIVIDE expression .)
    MINUS           reduce using rule 7 (expression -> expression DIVIDE expression .)
    TIMES           reduce using rule 7 (expression -> expression DIVIDE expression .)
    DIVIDE          reduce using rule 7 (expression -> expression DIVIDE expression .)
    $end            reduce using rule 7 (expression -> expression DIVIDE expression .)
    RPAREN          reduce using rule 7 (expression -> expression DIVIDE expression .)
    COMMA           reduce using rule 7 (expression -> expression DIVIDE expression .)
    POWER           shift and go to state 13

  ! POWER           [ reduce using rule 7 (expression -> expression DIVIDE expression .) ]
  ! PLUS            [ shift and go to state 9 ]
  ! MINUS           [ shift and go to state 10 ]
  ! TIMES           [ shift and go to state 11 ]
  ! DIVIDE          [ shift and go to state 12 ]


state 22

    (8) expression -> expression POWER NUMBER .

    PLUS            reduce using rule 8 (expression -> expression POWER NUMBER .)
    MINUS           reduce using rule 8 (expression -> expression POWER NUMBER .)
    TIMES           reduce using rule 8 (expression -> expression POWER NUMBER .)
    DIVIDE          reduce using rule 8 (expression -> expression POWER NUMBER .)
    POWER           reduce using rule 8 (expression -> expression POWER NUMBER .)
    $end            reduce using rule 8 (expression -> expression POWER NUMBER .)
    RPAREN          reduce using rule 8 (expression -> expression POWER NUMBER .)
    COMMA           reduce using rule 8 (expression -> expression POWER NUMBER .)


state 23

    (12) expression -> ID LPAREN arguments . RPAREN
    (15) arguments -> arguments . COMMA argument

    RPAREN          shift and go to state 28
    COMMA           shift and go to state 29


state 24

    (14) arguments -> argument .

    RPAREN          reduce using rule 14 (arguments -> argument .)
    COMMA           reduce using rule 14 (arguments -> argument .)


state 25

    (16) argument -> expression .
    (4) expression -> expression . PLUS expression
    (5) expression -> expression . MINUS expression
    (6) expression -> expression . TIMES expression
    (7) expression -> expression . DIVIDE expression
    (8) expression -> expression . POWER NUMBER

    RPAREN          reduce using rule 16 (argument -> expression .)
    COMMA           reduce using rule 16 (argument -> expression .)
    PLUS            shift and go to state 9
    MINUS           shift and go to state 10
    TIMES           shift and go to state 11
    DIVIDE          shift and go to state 12
    POWER           shift and go to state 13


state 26

    (13) expression -> TIMES TIMES ID . LPAREN arguments RPAREN

    LPAREN          shift and go to state 30


state 27

    (9) expression -> LPAREN expression RPAREN .

    PLUS            reduce using rule 9 (expression -> LPAREN expression RPAREN .)
    MINUS           reduce using rule 9 (expression -> LPAREN expression RPAREN .)
    TIMES           reduce using rule 9 (expression -> LPAREN expression RPAREN .)
    DIVIDE          reduce using rule 9 (expression -> LPAREN expression RPAREN .)
    POWER           reduce using rule 9 (expression -> LPAREN expression RPAREN .)
    $end            reduce using rule 9 (expression -> LPAREN expression RPAREN .)
    RPAREN          reduce using rule 9 (expression -> LPAREN expression RPAREN .)
    COMMA           reduce using rule 9 (expression -> LPAREN expression RPAREN .)


state 28

    (12) expression -> ID LPAREN arguments RPAREN .

    PLUS            reduce using rule 12 (expression -> ID LPAREN arguments RPAREN .)
    MINUS           reduce using rule 12 (expression -> ID LPAREN arguments RPAREN .)
    TIMES           reduce using rule 12 (expression -> ID LPAREN arguments RPAREN .)
    DIVIDE          reduce using rule 12 (expression -> ID LPAREN arguments RPAREN .)
    POWER           reduce using rule 12 (expression -> ID LPAREN arguments RPAREN .)
    $end            reduce using rule 12 (expression -> ID LPAREN arguments RPAREN .)
    RPAREN          reduce using rule 12 (expression -> ID LPAREN arguments RPAREN .)
    COMMA           reduce using rule 12 (expression -> ID LPAREN arguments RPAREN .)


state 29

    (15) arguments -> arguments COMMA . argument
    (16) argument -> . expression
    (2) expression -> . ID
    (3) expression -> . MINUS expression
    (4) expression -> . expression PLUS expression
    (5) expression -> . expression MINUS expression
    (6) expression -> . expression TIMES expression
    (7) expression -> . expression DIVIDE expression
    (8) expression -> . expression POWER NUMBER
    (9) expression -> . LPAREN expression RPAREN
    (10) expression -> . NUMBER
    (11) expression -> . CONST
    (12) expression -> . ID LPAREN arguments RPAREN
    (13) expression -> . TIMES TIMES ID LPAREN arguments RPAREN

    ID              shift and go to state 3
    MINUS           shift and go to state 4
    LPAREN          shift and go to state 7
    NUMBER          shift and go to state 6
    CONST           shift and go to state 8
    TIMES           shift and go to state 5

    argument                       shift and go to state 31
    expression                     shift and go to state 25

state 30

    (13) expression -> TIMES TIMES ID LPAREN . arguments RPAREN
    (14) arguments -> . argument
    (15) arguments -> . arguments COMMA argument
    (16) argument -> . expression
    (2) expression -> . ID
    (3) expression -> . MINUS expression
    (4) expression -> . expression PLUS expression
    (5) expression -> . expression MINUS expression
    (6) expression -> . expression TIMES expression
    (7) expression -> . expression DIVIDE expression
    (8) expression -> . expression POWER NUMBER
    (9) expression -> . LPAREN expression RPAREN
    (10) expression -> . NUMBER
    (11) expression -> . CONST
    (12) expression -> . ID LPAREN arguments RPAREN
    (13) expression -> . TIMES TIMES ID LPAREN arguments RPAREN

    ID              shift and go to state 3
    MINUS           shift and go to state 4
    LPAREN          shift and go to state 7
    NUMBER          shift and go to state 6
    CONST           shift and go to state 8
    TIMES           shift and go to state 5

    arguments                      shift and go to state 32
    argument                       shift and go to state 24
    expression                     shift and go to state 25

state 31

    (15) arguments -> arguments COMMA argument .

    RPAREN          reduce using rule 15 (arguments -> arguments COMMA argument .)
    COMMA           reduce using rule 15 (arguments -> arguments COMMA argument .)


state 32

    (13) expression -> TIMES TIMES ID LPAREN arguments . RPAREN
    (15) arguments -> arguments . COMMA argument

    RPAREN          shift and go to state 33
    COMMA           shift and go to state 29


state 33

    (13) expression -> TIMES TIMES ID LPAREN arguments RPAREN .

    PLUS            reduce using rule 13 (expression -> TIMES TIMES ID LPAREN arguments RPAREN .)
    MINUS           reduce using rule 13 (expression -> TIMES TIMES ID LPAREN arguments RPAREN .)
    TIMES           reduce using rule 13 (expression -> TIMES TIMES ID LPAREN arguments RPAREN .)
    DIVIDE          reduce using rule 13 (expression -> TIMES TIMES ID LPAREN arguments RPAREN .)
    POWER           reduce using rule 13 (expression -> TIMES TIMES ID LPAREN arguments RPAREN .)
    $end            reduce using rule 13 (expression -> TIMES TIMES ID LPAREN arguments RPAREN .)
    RPAREN          reduce using rule 13 (expression -> TIMES TIMES ID LPAREN arguments RPAREN .)
    COMMA           reduce using rule 13 (expression -> TIMES TIMES ID LPAREN arguments RPAREN .)

